<?xml version="1.0" encoding="UTF-8"?>
<!-- Generated by org.testng.reporters.JUnitReportReporter -->
<testsuite hostname="KANINI-LTP-844" failures="0" tests="1" name="GajananFrameWork.FrameWork1.Tests.SubmitOrderTest" time="13.400" errors="0" timestamp="2024-08-04T17:49:06 IST" skipped="0">
  <testcase classname="GajananFrameWork.FrameWork1.Tests.SubmitOrderTest" name="VerifySubmitOrder" time="13.400"/>
</testsuite> <!-- GajananFrameWork.FrameWork1.Tests.SubmitOrderTest -->
