<?xml version="1.0" encoding="UTF-8"?>
<!-- Generated by org.testng.reporters.JUnitReportReporter -->
<testsuite hostname="KANINI-LTP-844" failures="0" tests="1" name="GajananFrameWork.FrameWork1.Tests.StandAloneWithPoM" time="12.173" errors="0" timestamp="2024-08-04T09:53:35 IST" skipped="0">
  <testcase classname="GajananFrameWork.FrameWork1.Tests.StandAloneWithPoM" name="SubmitOrder" time="12.173"/>
</testsuite> <!-- GajananFrameWork.FrameWork1.Tests.StandAloneWithPoM -->
