<?xml version="1.0" encoding="UTF-8"?>
<!-- Generated by org.testng.reporters.JUnitReportReporter -->
<testsuite hostname="KANINI-LTP-844" failures="0" tests="2" name="GajananFrameWork.FrameWork1.Tests.VerifyErrorValidationTest" time="11.640" errors="0" timestamp="2024-08-04T17:49:06 IST" skipped="0">
  <testcase classname="GajananFrameWork.FrameWork1.Tests.VerifyErrorValidationTest" name="VerifyErrorForLoginPage" time="1.839"/>
  <testcase classname="GajananFrameWork.FrameWork1.Tests.VerifyErrorValidationTest" name="VerifySubmitOrder" time="9.801"/>
</testsuite> <!-- GajananFrameWork.FrameWork1.Tests.VerifyErrorValidationTest -->
